<?xml version="1.0" encoding="UTF-8"?>
<!-- Generated by org.testng.reporters.JUnitReportReporter -->
<testsuite hostname="DESKTOP-AOFC2TM" failures="0" tests="1" name="testscript.Login_Script" time="9.356" errors="0" timestamp="2023-04-27T11:14:46 IST" skipped="0">
  <testcase classname="testscript.Login_Script" name="test1" time="9.356"/>
  <system-out/>
</testsuite> <!-- testscript.Login_Script -->
